10:59:21,594  INFO main LoginSteps:beforeScenario:30 - Before scanario
10:59:33,846  INFO main LoginPage:enterLogin:43 - Login OK
10:59:34,809  INFO main LoginPage:enterPassword:49 - Password OK
10:59:42,727  INFO main LoginSteps:afterScenario:78 - After scenario
10:59:48,375  INFO main LoginSteps:beforeScenario:30 - Before scanario
10:59:55,737  INFO main LoginPage:enterLogin:43 - Login OK
10:59:56,958  INFO main LoginPage:enterPassword:49 - Password OK
10:59:57,801  INFO main LoginSteps:afterScenario:78 - After scenario
11:00:04,012  INFO main LoginSteps:beforeScenario:30 - Before scanario
11:00:12,886  INFO main LoginPage:enterLogin:43 - Login OK
11:00:14,226  INFO main LoginPage:enterPassword:49 - Password OK
11:00:18,756  INFO main LoginSteps:afterScenario:78 - After scenario
11:00:24,442  INFO main LoginSteps:beforeScenario:30 - Before scanario
11:00:31,898  INFO main LoginPage:enterLogin:43 - Login OK
11:00:33,338  INFO main LoginPage:enterPassword:49 - Password OK
11:00:37,850  INFO main LoginSteps:afterScenario:78 - After scenario
11:00:43,406  INFO main LoginSteps:beforeScenario:30 - Before scanario
11:00:52,176  INFO main LoginPage:enterLogin:43 - Login OK
11:00:53,422  INFO main LoginPage:enterPassword:49 - Password OK
11:00:53,951  INFO main LoginSteps:afterScenario:78 - After scenario
11:00:59,677  INFO main LoginSteps:beforeScenario:30 - Before scanario
11:01:07,852  INFO main LoginPage:enterLogin:43 - Login OK
11:01:09,710  INFO main LoginPage:enterPassword:49 - Password OK
11:01:14,044  INFO main LoginSteps:afterScenario:78 - After scenario
11:04:05,026  INFO main LoginSteps:beforeScenario:30 - Before scanario
11:04:13,948  INFO main LoginPage:enterLogin:43 - Login OK
11:04:15,790  INFO main LoginPage:enterPassword:49 - Password OK
11:04:20,926  INFO main LoginSteps:afterScenario:78 - After scenario
11:04:26,624  INFO main LoginSteps:beforeScenario:30 - Before scanario
11:04:35,976  INFO main LoginPage:enterLogin:43 - Login OK
11:04:37,153  INFO main LoginPage:enterPassword:49 - Password OK
11:04:37,854  INFO main LoginSteps:afterScenario:78 - After scenario
11:04:43,208  INFO main LoginSteps:beforeScenario:30 - Before scanario
11:04:50,656  INFO main LoginPage:enterLogin:43 - Login OK
11:04:52,520  INFO main LoginPage:enterPassword:49 - Password OK
11:04:57,197  INFO main LoginSteps:afterScenario:78 - After scenario
11:05:02,816  INFO main LoginSteps:beforeScenario:30 - Before scanario
11:05:11,141  INFO main LoginPage:enterLogin:43 - Login OK
11:05:13,195  INFO main LoginPage:enterPassword:49 - Password OK
11:05:17,752  INFO main LoginSteps:afterScenario:78 - After scenario
11:05:23,514  INFO main LoginSteps:beforeScenario:30 - Before scanario
11:05:30,674  INFO main LoginPage:enterLogin:43 - Login OK
11:05:32,358  INFO main LoginPage:enterPassword:49 - Password OK
11:05:36,653  INFO main LoginSteps:afterScenario:78 - After scenario
11:05:42,336  INFO main LoginSteps:beforeScenario:30 - Before scanario
11:05:50,257  INFO main LoginPage:enterLogin:43 - Login OK
11:05:51,816  INFO main LoginPage:enterPassword:49 - Password OK
11:05:56,095  INFO main LoginSteps:afterScenario:78 - After scenario
11:07:32,745  INFO main LoginSteps:beforeScenario:30 - Before scanario
11:07:42,449  INFO main LoginPage:enterLogin:43 - Login OK
11:07:43,719  INFO main LoginPage:enterPassword:49 - Password OK
11:07:44,090  INFO main LoginSteps:afterScenario:78 - After scenario
11:09:01,329  INFO main LoginSteps:beforeScenario:30 - Before scanario
11:09:10,477  INFO main LoginPage:enterLogin:43 - Login OK
11:09:11,961  INFO main LoginPage:enterPassword:49 - Password OK
11:09:16,606  INFO main LoginSteps:afterScenario:78 - After scenario
11:10:46,030  INFO main LoginSteps:beforeScenario:30 - Before scanario
11:10:56,045  INFO main LoginPage:enterLogin:43 - Login OK
11:10:57,313  INFO main LoginPage:enterPassword:49 - Password OK
11:11:01,893  INFO main LoginSteps:afterScenario:78 - After scenario
11:12:03,500  INFO main LoginSteps:beforeScenario:30 - Before scanario
11:12:12,895  INFO main LoginPage:enterLogin:43 - Login OK
11:12:14,050  INFO main LoginPage:enterPassword:49 - Password OK
11:12:14,333  INFO main LoginSteps:afterScenario:78 - After scenario
11:19:09,770  INFO main LoginSteps:beforeScenario:30 - Before scenario
11:19:17,862  INFO main LoginPage:enterLogin:43 - Login OK
11:19:19,538  INFO main LoginPage:enterPassword:49 - Password OK
11:19:29,000  INFO main LoginSteps:afterScenario:78 - After scenario
11:19:40,626  INFO main LoginSteps:beforeScenario:30 - Before scenario
11:19:48,448  INFO main LoginPage:enterLogin:43 - Login OK
11:19:50,487  INFO main LoginPage:enterPassword:49 - Password OK
11:19:55,557  INFO main LoginSteps:afterScenario:78 - After scenario
11:20:06,644  INFO main LoginSteps:beforeScenario:30 - Before scenario
11:20:18,611  INFO main LoginPage:enterLogin:43 - Login OK
11:20:20,252  INFO main LoginPage:enterPassword:49 - Password OK
11:20:30,171  INFO main LoginSteps:afterScenario:78 - After scenario
11:20:41,779  INFO main LoginSteps:beforeScenario:30 - Before scenario
11:20:54,794  INFO main LoginPage:enterLogin:43 - Login OK
11:20:56,276  INFO main LoginPage:enterPassword:49 - Password OK
11:21:00,777  INFO main LoginSteps:afterScenario:78 - After scenario
11:21:11,735  INFO main LoginSteps:beforeScenario:30 - Before scenario
11:21:21,160  INFO main LoginPage:enterLogin:43 - Login OK
11:21:23,479  INFO main LoginPage:enterPassword:49 - Password OK
11:21:28,119  INFO main LoginSteps:afterScenario:78 - After scenario
11:21:39,408  INFO main LoginSteps:beforeScenario:30 - Before scenario
11:21:49,582  INFO main LoginPage:enterLogin:43 - Login OK
11:21:51,952  INFO main LoginPage:enterPassword:49 - Password OK
11:21:52,357  INFO main LoginSteps:afterScenario:78 - After scenario
11:26:35,619  INFO main LoginSteps:beforeScenario:30 - Before scenario
11:26:46,841  INFO main LoginPage:enterLogin:43 - Login OK
11:26:47,859  INFO main LoginPage:enterPassword:49 - Password OK
11:26:52,126  INFO main LoginSteps:afterScenario:78 - After scenario
11:42:44,895  INFO main LoginPage:enterLogin:43 - Login OK
11:42:46,076  INFO main LoginPage:enterPassword:49 - Password OK
11:42:55,825  INFO main LoginSteps:afterScenario:78 - After scenario
11:44:01,151  INFO main LoginPage:enterLogin:43 - Login OK
11:44:02,796  INFO main LoginPage:enterPassword:49 - Password OK
11:44:12,691  INFO main LoginSteps:afterScenario:78 - After scenario
11:46:52,479  INFO main LoginPage:enterLogin:43 - Login OK
11:46:53,986  INFO main LoginPage:enterPassword:49 - Password OK
11:47:05,853  INFO main LoginSteps:afterScenario:78 - After scenario
11:51:28,542  INFO main LoginSteps:beforeScenario:28 - Before scenario
11:51:37,326  INFO main LoginPage:enterLogin:43 - Login OK
11:51:38,668  INFO main LoginPage:enterPassword:49 - Password OK
11:51:43,738  INFO main LoginSteps:afterScenario:76 - After scenario
11:51:43,739  INFO main LoginSteps:beforeScenario:28 - Before scenario
11:51:44,605  INFO main LoginSteps:beforeScenario:28 - Before scenario
11:51:44,637  INFO main LoginSteps:beforeScenario:28 - Before scenario
11:51:44,688  INFO main LoginSteps:beforeScenario:28 - Before scenario
11:51:44,735  INFO main LoginSteps:beforeScenario:28 - Before scenario
12:49:15,759  INFO main LoginSteps:beforeScenario:28 - Before scenario
12:49:25,103  INFO main LoginPage:enterLogin:43 - Login OK
12:49:26,231  INFO main LoginPage:enterPassword:49 - Password OK
12:49:27,791  INFO main LoginSteps:afterScenario:76 - After scenario
12:49:27,792  INFO main LoginSteps:beforeScenario:28 - Before scenario
12:49:28,169  INFO main LoginSteps:beforeScenario:28 - Before scenario
12:49:28,238  INFO main LoginSteps:beforeScenario:28 - Before scenario
12:49:28,285  INFO main LoginSteps:beforeScenario:28 - Before scenario
12:49:28,354  INFO main LoginSteps:beforeScenario:28 - Before scenario
12:50:24,012  INFO main LoginSteps:beforeScenario:28 - Before scenario
12:50:32,350  INFO main LoginPage:enterLogin:43 - Login OK
12:50:33,434  INFO main LoginPage:enterPassword:49 - Password OK
12:50:42,918  INFO main LoginSteps:afterScenario:76 - After scenario
12:50:42,918  INFO main LoginSteps:beforeScenario:28 - Before scenario
12:51:04,491  INFO main LoginSteps:beforeScenario:28 - Before scenario
12:51:12,697  INFO main LoginPage:enterLogin:43 - Login OK
12:51:13,602  INFO main LoginPage:enterPassword:49 - Password OK
12:51:25,234  INFO main LoginSteps:afterScenario:76 - After scenario
12:51:51,565  INFO main LoginSteps:beforeScenario:28 - Before scenario
12:52:03,614  INFO main LoginPage:enterLogin:43 - Login OK
12:52:05,060  INFO main LoginPage:enterPassword:49 - Password OK
12:52:20,117  INFO main LoginSteps:afterScenario:76 - After scenario
12:52:42,682  INFO main LoginSteps:beforeScenario:28 - Before scenario
12:52:52,585  INFO main LoginPage:enterLogin:43 - Login OK
12:52:53,787  INFO main LoginPage:enterPassword:49 - Password OK
12:53:04,521  INFO main LoginSteps:afterScenario:76 - After scenario
12:53:04,521  INFO main LoginSteps:beforeScenario:28 - Before scenario
12:56:26,667  INFO main LoginSteps:beforeScenario:28 - Before scenario
12:56:35,493  INFO main LoginPage:enterLogin:43 - Login OK
12:56:36,600  INFO main LoginPage:enterPassword:49 - Password OK
12:56:49,357  INFO main LoginSteps:afterScenario:76 - After scenario
12:56:49,360  INFO main LoginSteps:beforeScenario:28 - Before scenario
12:58:38,005  INFO main LoginSteps:beforeScenario:28 - Before scenario
12:58:45,593  INFO main LoginPage:enterLogin:43 - Login OK
12:58:46,581  INFO main LoginPage:enterPassword:49 - Password OK
12:58:58,630  INFO main LoginSteps:afterScenario:76 - After scenario
12:58:58,632  INFO main LoginSteps:beforeScenario:28 - Before scenario
13:00:31,421  INFO main LoginSteps:beforeScenario:28 - Before scenario
13:00:39,536  INFO main LoginPage:enterLogin:43 - Login OK
13:00:40,563  INFO main LoginPage:enterPassword:49 - Password OK
13:00:51,566  INFO main LoginSteps:afterScenario:76 - After scenario
13:00:51,567  INFO main LoginSteps:beforeScenario:28 - Before scenario
13:02:46,826  INFO main LoginSteps:beforeScenario:28 - Before scenario
13:02:54,196  INFO main LoginPage:enterLogin:43 - Login OK
13:02:55,299  INFO main LoginPage:enterPassword:49 - Password OK
13:03:06,776  INFO main LoginSteps:afterScenario:76 - After scenario
13:03:06,776  INFO main LoginSteps:beforeScenario:28 - Before scenario
13:06:33,520  INFO main LoginSteps:beforeScenario:28 - Before scenario
13:06:41,241  INFO main LoginPage:enterLogin:43 - Login OK
13:06:42,166  INFO main LoginPage:enterPassword:49 - Password OK
13:06:53,367  INFO main LoginSteps:afterScenario:76 - After scenario
13:06:53,367  INFO main LoginSteps:beforeScenario:28 - Before scenario
13:07:49,935  INFO main LoginSteps:beforeScenario:28 - Before scenario
13:07:57,681  INFO main LoginPage:enterLogin:43 - Login OK
13:07:58,662  INFO main LoginPage:enterPassword:49 - Password OK
13:10:51,684  INFO main LoginSteps:beforeScenario:28 - Before scenario
13:11:01,402  INFO main LoginPage:enterLogin:43 - Login OK
13:11:02,674  INFO main LoginPage:enterPassword:49 - Password OK
13:11:13,983  INFO main LoginSteps:afterScenario:76 - After scenario
13:11:13,984  INFO main LoginSteps:beforeScenario:28 - Before scenario
13:13:45,785  INFO main LoginSteps:beforeScenario:28 - Before scenario
13:13:54,153  INFO main LoginPage:enterLogin:43 - Login OK
13:13:55,178  INFO main LoginPage:enterPassword:49 - Password OK
13:14:06,926  INFO main LoginSteps:afterScenario:76 - After scenario
13:14:06,928  INFO main LoginSteps:beforeScenario:28 - Before scenario
13:14:59,970  INFO main LoginSteps:beforeScenario:28 - Before scenario
13:15:08,457  INFO main LoginPage:enterLogin:43 - Login OK
13:15:09,683  INFO main LoginPage:enterPassword:49 - Password OK
13:17:23,030  INFO main LoginSteps:beforeScenario:28 - Before scenario
13:17:31,876  INFO main LoginPage:enterLogin:43 - Login OK
13:17:33,210  INFO main LoginPage:enterPassword:49 - Password OK
13:17:43,951  INFO main LoginSteps:afterScenario:76 - After scenario
13:17:43,953  INFO main LoginSteps:beforeScenario:28 - Before scenario
13:21:06,143  INFO main LoginSteps:beforeScenario:28 - Before scenario
13:21:15,525  INFO main LoginPage:enterLogin:43 - Login OK
13:21:16,766  INFO main LoginPage:enterPassword:49 - Password OK
13:21:27,273  INFO main LoginSteps:afterScenario:76 - After scenario
13:21:27,275  INFO main LoginSteps:beforeScenario:28 - Before scenario
13:21:48,801  INFO main LoginSteps:beforeScenario:28 - Before scenario
13:21:55,845  INFO main LoginPage:enterLogin:43 - Login OK
13:21:56,812  INFO main LoginPage:enterPassword:49 - Password OK
13:23:13,952  INFO main LoginSteps:afterScenario:76 - After scenario
13:23:13,954  INFO main LoginSteps:beforeScenario:28 - Before scenario
13:27:13,459  INFO main LoginSteps:beforeScenario:28 - Before scenario
13:27:20,842  INFO main LoginPage:enterLogin:43 - Login OK
13:27:22,104  INFO main LoginPage:enterPassword:49 - Password OK
13:27:33,465  INFO main LoginSteps:afterScenario:76 - After scenario
13:27:33,467  INFO main LoginSteps:beforeScenario:28 - Before scenario
13:27:59,745  INFO main LoginSteps:beforeScenario:28 - Before scenario
13:28:07,854  INFO main LoginPage:enterLogin:43 - Login OK
13:28:09,308  INFO main LoginPage:enterPassword:49 - Password OK
13:28:16,290  INFO main LoginSteps:afterScenario:76 - After scenario
13:28:16,291  INFO main LoginSteps:beforeScenario:28 - Before scenario
13:29:12,469  INFO main LoginSteps:beforeScenario:28 - Before scenario
13:29:22,302  INFO main LoginPage:enterLogin:43 - Login OK
13:29:23,746  INFO main LoginPage:enterPassword:49 - Password OK
13:32:14,099  INFO main LoginSteps:beforeScenario:28 - Before scenario
13:32:23,215  INFO main LoginPage:enterLogin:43 - Login OK
13:32:24,411  INFO main LoginPage:enterPassword:49 - Password OK
13:32:35,471  INFO main LoginSteps:afterScenario:76 - After scenario
13:32:35,472  INFO main LoginSteps:beforeScenario:28 - Before scenario
13:33:08,958  INFO main LoginSteps:beforeScenario:28 - Before scenario
13:33:17,200  INFO main LoginPage:enterLogin:43 - Login OK
13:33:19,079  INFO main LoginPage:enterPassword:49 - Password OK
13:33:31,110  INFO main LoginSteps:afterScenario:76 - After scenario
13:33:31,112  INFO main LoginSteps:beforeScenario:28 - Before scenario
13:34:43,512  INFO main LoginSteps:beforeScenario:28 - Before scenario
13:34:51,696  INFO main LoginPage:enterLogin:43 - Login OK
13:34:52,938  INFO main LoginPage:enterPassword:49 - Password OK
13:50:43,977  INFO main LoginSteps:beforeScenario:28 - Before scenario
13:50:53,824  INFO main LoginPage:enterLogin:43 - Login OK
13:50:55,269  INFO main LoginPage:enterPassword:49 - Password OK
13:51:06,234  INFO main LoginSteps:afterScenario:76 - After scenario
13:51:06,236  INFO main LoginSteps:beforeScenario:28 - Before scenario
13:55:32,226  INFO main LoginSteps:beforeScenario:28 - Before scenario
13:55:39,849  INFO main LoginPage:enterLogin:43 - Login OK
13:55:40,856  INFO main LoginPage:enterPassword:49 - Password OK
13:55:53,103  INFO main LoginSteps:afterScenario:76 - After scenario
13:55:53,105  INFO main LoginSteps:beforeScenario:28 - Before scenario
13:56:59,744  INFO main LoginSteps:beforeScenario:28 - Before scenario
13:57:07,070  INFO main LoginPage:enterLogin:43 - Login OK
13:57:08,100  INFO main LoginPage:enterPassword:49 - Password OK
13:57:13,161  INFO main LoginSteps:afterScenario:76 - After scenario
13:57:13,162  INFO main LoginSteps:beforeScenario:28 - Before scenario
13:59:34,806  INFO main LoginSteps:beforeScenario:28 - Before scenario
13:59:42,977  INFO main LoginPage:enterLogin:43 - Login OK
13:59:44,530  INFO main LoginPage:enterPassword:49 - Password OK
13:59:56,103  INFO main LoginSteps:afterScenario:76 - After scenario
13:59:56,105  INFO main LoginSteps:beforeScenario:28 - Before scenario
14:19:40,646  INFO main LoginSteps:beforeScenario:28 - Before scenario
14:19:47,850  INFO main LoginSteps:getMainPage:35 - get main page
14:19:49,488  INFO main LoginPage:enterLogin:43 - Login OK
14:19:50,610  INFO main LoginPage:enterPassword:49 - Password OK
14:19:50,611  INFO main LoginSteps:login:48 - get main page
14:20:05,299  INFO main LoginSteps:afterScenario:78 - After scenario
15:11:14,733  INFO main LoginSteps:beforeScenario:28 - Before scenario
15:11:22,178  INFO main LoginSteps:getMainPage:35 - get main page
15:11:23,964  INFO main LoginPage:enterLogin:43 - Login OK
15:11:24,897  INFO main LoginPage:enterPassword:49 - Password OK
15:11:24,899  INFO main LoginSteps:login:48 - get main page
15:11:33,744  INFO main LoginSteps:afterScenario:78 - After scenario
15:11:33,744  INFO main LoginSteps:beforeScenario:28 - Before scenario
15:16:54,912  INFO main LoginSteps:beforeScenario:28 - Before scenario
15:17:33,602  INFO main LoginSteps:getMainPage:35 - get main page
15:17:38,273  INFO main LoginPage:enterLogin:43 - Login OK
15:17:39,138  INFO main LoginPage:enterPassword:49 - Password OK
15:17:39,138  INFO main LoginSteps:login:48 - get main page
15:17:41,170  INFO main LoginSteps:afterScenario:77 - After scenario
15:18:02,069  INFO main LoginSteps:beforeScenario:28 - Before scenario
15:18:11,711  INFO main LoginSteps:getMainPage:35 - get main page
15:18:12,759  INFO main LoginPage:enterLogin:43 - Login OK
15:18:13,750  INFO main LoginPage:enterPassword:49 - Password OK
15:18:14,703  INFO main LoginSteps:afterScenario:77 - After scenario
22:31:32,042  INFO main LoginSteps:beforeScenario:28 - Before scenario
22:31:40,460  INFO main LoginSteps:getMainPage:35 - get main page
22:31:42,978  INFO main LoginSteps:afterScenario:77 - After scenario
22:31:48,909  INFO main LoginSteps:beforeScenario:28 - Before scenario
22:31:55,938  INFO main LoginSteps:getMainPage:35 - get main page
22:31:57,825  INFO main LoginSteps:afterScenario:77 - After scenario
22:50:54,243  INFO main LoginSteps:beforeScenario:28 - Before scenario
22:51:06,359  INFO main LoginSteps:getMainPage:35 - get main page
22:51:11,308  INFO main LoginPage:enterLogin:43 - Login OK
22:51:13,547  INFO main LoginPage:enterPassword:49 - Password OK
22:51:13,548  INFO main LoginSteps:login:48 - get main page
22:51:18,908  INFO main LoginSteps:afterScenario:77 - After scenario
22:51:24,403  INFO main LoginSteps:beforeScenario:28 - Before scenario
22:51:35,209  INFO main LoginSteps:getMainPage:35 - get main page
22:51:36,686  INFO main LoginPage:enterLogin:43 - Login OK
22:51:38,453  INFO main LoginPage:enterPassword:49 - Password OK
22:51:40,603  INFO main LoginSteps:afterScenario:77 - After scenario
22:52:23,166  INFO main LoginSteps:beforeScenario:28 - Before scenario
22:52:38,768  INFO main LoginSteps:getMainPage:35 - get main page
22:52:41,348  INFO main LoginPage:enterLogin:43 - Login OK
22:52:42,874  INFO main LoginPage:enterPassword:49 - Password OK
22:52:42,874  INFO main LoginSteps:login:48 - get main page
22:52:51,730  INFO main LoginSteps:afterScenario:77 - After scenario
22:52:58,863  INFO main LoginSteps:beforeScenario:28 - Before scenario
22:53:08,428  INFO main LoginSteps:getMainPage:35 - get main page
22:53:10,375  INFO main LoginPage:enterLogin:43 - Login OK
22:53:12,309  INFO main LoginPage:enterPassword:49 - Password OK
22:53:12,310  INFO main LoginSteps:login:48 - get main page
22:53:13,318  INFO main LoginSteps:afterScenario:77 - After scenario
22:55:39,934  INFO main LoginSteps:beforeScenario:28 - Before scenario
22:55:48,549  INFO main LoginSteps:getMainPage:35 - get main page
22:55:50,987  INFO main LoginPage:enterLogin:43 - Login OK
22:55:52,138  INFO main LoginPage:enterPassword:49 - Password OK
22:55:52,139  INFO main LoginSteps:login:48 - get main page
22:56:00,781  INFO main LoginSteps:afterScenario:77 - After scenario
22:56:07,892  INFO main LoginSteps:beforeScenario:28 - Before scenario
22:56:14,659  INFO main LoginSteps:getMainPage:35 - get main page
22:56:16,396  INFO main LoginPage:enterLogin:43 - Login OK
22:56:17,626  INFO main LoginPage:enterPassword:49 - Password OK
22:56:17,627  INFO main LoginSteps:login:48 - get main page
22:56:18,807  INFO main LoginSteps:afterScenario:77 - After scenario
23:00:54,597  INFO main LoginSteps:beforeScenario:28 - Before scenario
23:01:04,101  INFO main LoginSteps:getMainPage:35 - get main page
23:01:06,125  INFO main LoginPage:enterLogin:43 - Login OK
23:01:07,475  INFO main LoginPage:enterPassword:49 - Password OK
23:01:07,476  INFO main LoginSteps:login:48 - get main page
23:01:15,494  INFO main LoginSteps:afterScenario:77 - After scenario
23:01:20,979  INFO main LoginSteps:beforeScenario:28 - Before scenario
23:01:26,144  INFO main LoginSteps:getMainPage:35 - get main page
23:01:27,886  INFO main LoginPage:enterLogin:43 - Login OK
23:01:29,097  INFO main LoginPage:enterPassword:49 - Password OK
23:01:29,097  INFO main LoginSteps:login:48 - get main page
23:01:30,017  INFO main LoginSteps:afterScenario:77 - After scenario
23:05:17,359  INFO main LoginSteps:beforeScenario:28 - Before scenario
23:05:24,645  INFO main LoginSteps:getMainPage:35 - get main page
23:05:26,557  INFO main LoginPage:enterLogin:43 - Login OK
23:05:27,914  INFO main LoginPage:enterPassword:49 - Password OK
23:05:27,914  INFO main LoginSteps:login:48 - get main page
23:05:38,760  INFO main LoginSteps:afterScenario:77 - After scenario
23:05:44,482  INFO main LoginSteps:beforeScenario:28 - Before scenario
23:05:52,644  INFO main LoginSteps:getMainPage:35 - get main page
23:05:53,826  INFO main LoginPage:enterLogin:43 - Login OK
23:05:55,435  INFO main LoginPage:enterPassword:49 - Password OK
23:05:55,436  INFO main LoginSteps:login:48 - get main page
23:05:56,355  INFO main LoginSteps:afterScenario:77 - After scenario
23:07:57,304  INFO main LoginSteps:beforeScenario:28 - Before scenario
23:08:05,668  INFO main LoginSteps:getMainPage:35 - get main page
23:08:08,639  INFO main LoginPage:enterLogin:43 - Login OK
23:08:10,023  INFO main LoginPage:enterPassword:49 - Password OK
23:08:10,024  INFO main LoginSteps:login:48 - get main page
23:08:19,048  INFO main LoginSteps:afterScenario:77 - After scenario
23:08:24,416  INFO main LoginSteps:beforeScenario:28 - Before scenario
23:08:31,581  INFO main LoginSteps:getMainPage:35 - get main page
23:08:32,553  INFO main LoginPage:enterLogin:43 - Login OK
23:08:33,595  INFO main LoginPage:enterPassword:49 - Password OK
23:08:33,596  INFO main LoginSteps:login:48 - get main page
23:08:34,504  INFO main LoginSteps:afterScenario:77 - After scenario
23:12:17,371  INFO main LoginSteps:beforeScenario:28 - Before scenario
23:12:24,000  INFO main LoginSteps:getMainPage:35 - get main page
23:12:25,728  INFO main LoginPage:enterLogin:43 - Login OK
23:12:27,654  INFO main LoginPage:enterPassword:49 - Password OK
23:12:27,655  INFO main LoginSteps:login:48 - get main page
23:12:36,235  INFO main LoginSteps:afterScenario:77 - After scenario
23:12:41,875  INFO main LoginSteps:beforeScenario:28 - Before scenario
23:12:48,481  INFO main LoginSteps:getMainPage:35 - get main page
23:12:49,840  INFO main LoginPage:enterLogin:43 - Login OK
23:12:50,849  INFO main LoginPage:enterPassword:49 - Password OK
23:12:50,850  INFO main LoginSteps:login:48 - get main page
23:12:55,895  INFO main LoginSteps:afterScenario:77 - After scenario
23:15:46,300  INFO main LoginSteps:beforeScenario:28 - Before scenario
23:15:52,615  INFO main LoginSteps:getMainPage:35 - get main page
23:15:54,174  INFO main LoginPage:enterLogin:43 - Login OK
23:15:56,103  INFO main LoginPage:enterPassword:49 - Password OK
23:15:56,104  INFO main LoginSteps:login:48 - get main page
23:16:04,396  INFO main LoginSteps:afterScenario:77 - After scenario
23:16:09,991  INFO main LoginSteps:beforeScenario:28 - Before scenario
23:16:15,328  INFO main LoginSteps:getMainPage:35 - get main page
23:16:16,552  INFO main LoginPage:enterLogin:43 - Login OK
23:16:17,759  INFO main LoginPage:enterPassword:49 - Password OK
23:16:17,760  INFO main LoginSteps:login:48 - get main page
23:16:26,226  INFO main LoginSteps:afterScenario:77 - After scenario
23:18:54,915  INFO main LoginSteps:beforeScenario:28 - Before scenario
23:19:02,640  INFO main LoginSteps:getMainPage:35 - get main page
23:19:06,141  INFO main LoginPage:enterLogin:43 - Login OK
23:19:07,393  INFO main LoginPage:enterPassword:49 - Password OK
23:19:07,394  INFO main LoginSteps:login:48 - get main page
23:19:18,088  INFO main LoginSteps:afterScenario:77 - After scenario
23:19:23,652  INFO main LoginSteps:beforeScenario:28 - Before scenario
23:19:30,614  INFO main LoginSteps:getMainPage:35 - get main page
23:19:31,988  INFO main LoginPage:enterLogin:43 - Login OK
23:19:33,613  INFO main LoginPage:enterPassword:49 - Password OK
23:19:33,614  INFO main LoginSteps:login:48 - get main page
23:19:41,951  INFO main LoginSteps:afterScenario:77 - After scenario
23:24:09,617  INFO main LoginSteps:beforeScenario:28 - Before scenario
23:24:16,833  INFO main LoginSteps:getMainPage:35 - get main page
23:24:18,576  INFO main LoginPage:enterLogin:43 - Login OK
23:24:19,818  INFO main LoginPage:enterPassword:49 - Password OK
23:24:19,818  INFO main LoginSteps:login:48 - get main page
23:24:28,859  INFO main LoginSteps:afterScenario:77 - After scenario
23:24:34,532  INFO main LoginSteps:beforeScenario:28 - Before scenario
23:24:41,193  INFO main LoginSteps:getMainPage:35 - get main page
23:24:42,323  INFO main LoginPage:enterLogin:43 - Login OK
23:24:44,360  INFO main LoginPage:enterPassword:49 - Password OK
23:24:44,361  INFO main LoginSteps:login:48 - get main page
23:24:52,090  INFO main LoginSteps:afterScenario:77 - After scenario
00:05:05,643  INFO main LoginSteps:beforeScenario:28 - Before scenario
00:05:12,563  INFO main LoginSteps:getMainPage:35 - get main page
00:05:16,854  INFO main LoginPage:enterLogin:43 - Login OK
00:05:19,103  INFO main LoginPage:enterPassword:49 - Password OK
00:05:19,104  INFO main LoginSteps:login:48 - get main page
00:06:34,018  INFO main LoginSteps:afterScenario:77 - After scenario
00:06:39,813  INFO main LoginSteps:beforeScenario:28 - Before scenario
00:06:46,372  INFO main LoginSteps:getMainPage:35 - get main page
00:06:47,720  INFO main LoginPage:enterLogin:43 - Login OK
00:06:48,931  INFO main LoginSteps:afterScenario:77 - After scenario
23:48:00,605  INFO main LoginSteps:beforeScenario:28 - Before scenario
23:48:06,202  INFO main LoginSteps:getMainPage:35 - get main page
23:48:08,596  INFO main LoginPage:enterLogin:43 - Login OK
23:48:09,428  INFO main LoginPage:enterPassword:49 - Password OK
23:48:09,428  INFO main LoginSteps:login:48 - get main page
23:48:15,250  INFO main LoginSteps:afterScenario:77 - After scenario
23:48:18,834  INFO main LoginSteps:beforeScenario:28 - Before scenario
23:48:23,290  INFO main LoginSteps:getMainPage:35 - get main page
23:48:24,046  INFO main LoginPage:enterLogin:43 - Login OK
23:48:24,930  INFO main LoginPage:enterPassword:49 - Password OK
23:48:25,976  INFO main LoginSteps:afterScenario:77 - After scenario
23:50:04,686  INFO main LoginSteps:beforeScenario:28 - Before scenario
23:50:13,238  INFO main LoginSteps:getMainPage:35 - get main page
23:50:14,577  INFO main LoginPage:enterLogin:43 - Login OK
23:50:15,411  INFO main LoginPage:enterPassword:49 - Password OK
23:50:15,412  INFO main LoginSteps:login:48 - get main page
23:50:35,421  INFO main LoginSteps:afterScenario:77 - After scenario
